SF:lib/providers/product_data_provider.dart
DA:10,1
DA:11,5
DA:13,1
DA:14,2
DA:16,2
DA:17,1
DA:18,4
DA:20,1
LF:8
LH:8
end_of_record
SF:lib/models/sausage_roll.dart
DA:17,4
DA:32,1
DA:33,1
DA:34,1
DA:35,1
DA:36,2
DA:37,2
DA:38,1
DA:39,1
DA:40,1
DA:41,1
DA:42,1
DA:43,1
DA:44,1
DA:45,1
DA:49,1
DA:50,1
DA:51,1
DA:53,2
DA:54,2
DA:55,2
LF:21
LH:21
end_of_record
SF:lib/utils/determine_day_part.dart
DA:1,1
DA:2,1
DA:4,2
DA:6,2
DA:8,2
LF:5
LH:5
end_of_record
SF:lib/services/mock_api_service.dart
DA:2,1
DA:4,1
DA:7,1
DA:8,1
DA:16,1
DA:25,1
DA:33,1
LF:7
LH:7
end_of_record
SF:lib/providers/basket_provider.dart
DA:10,0
DA:12,0
DA:13,0
DA:14,0
DA:15,0
DA:20,0
DA:23,0
DA:27,0
DA:30,0
DA:32,1
DA:34,1
DA:35,0
DA:40,0
DA:41,0
DA:42,0
DA:44,0
DA:46,0
DA:49,0
DA:51,0
DA:52,0
DA:53,0
DA:54,0
DA:55,0
DA:57,0
DA:59,0
DA:60,0
DA:65,0
DA:66,0
DA:67,0
DA:70,0
DA:73,0
DA:74,0
LF:32
LH:2
end_of_record
SF:lib/models/basket_item.dart
DA:8,3
DA:14,4
DA:15,8
DA:16,0
LF:4
LH:3
end_of_record
SF:lib/main.dart
DA:8,0
DA:10,0
DA:11,0
DA:12,0
DA:16,4
DA:19,1
DA:21,1
DA:22,1
DA:23,3
DA:24,3
DA:26,1
DA:28,1
DA:44,1
LF:13
LH:9
end_of_record
SF:lib/screens/home_page.dart
DA:11,4
DA:13,2
DA:16,4
DA:18,2
DA:19,2
DA:21,2
DA:22,2
DA:28,2
DA:29,2
DA:31,2
DA:32,2
DA:35,1
DA:36,1
DA:38,1
DA:39,1
DA:44,4
DA:45,1
DA:46,1
DA:47,1
DA:53,1
DA:54,2
DA:63,2
DA:64,2
DA:65,2
DA:66,2
DA:67,4
DA:69,2
DA:70,3
DA:72,2
DA:73,4
DA:74,2
DA:75,4
DA:76,2
DA:77,2
DA:78,2
DA:79,4
DA:80,2
DA:81,2
DA:82,2
DA:83,2
DA:87,2
DA:88,6
DA:89,2
DA:90,2
DA:93,1
DA:94,1
DA:96,1
DA:97,2
LF:48
LH:48
end_of_record
SF:lib/screens/basket_page.dart
DA:13,4
DA:15,2
DA:17,4
DA:18,2
DA:19,4
DA:21,2
DA:22,2
DA:25,2
DA:26,4
DA:27,2
DA:28,4
DA:29,6
DA:31,2
DA:32,2
DA:33,1
DA:35,1
DA:38,2
DA:40,2
DA:42,2
DA:44,4
DA:52,2
DA:53,2
DA:54,2
DA:55,2
DA:56,2
DA:57,2
DA:58,2
DA:59,2
DA:61,2
DA:63,2
DA:64,2
DA:65,2
DA:67,2
DA:68,2
DA:69,8
DA:70,2
DA:71,6
DA:76,2
DA:77,2
DA:79,2
DA:80,2
DA:82,1
DA:83,1
DA:87,2
DA:88,1
DA:90,1
DA:91,1
DA:94,1
DA:95,1
DA:96,3
DA:101,2
DA:102,2
DA:104,2
DA:106,2
DA:107,2
DA:117,2
DA:118,2
DA:126,2
DA:128,2
DA:129,2
DA:131,2
DA:132,2
DA:134,1
DA:149,1
DA:151,1
DA:152,1
DA:154,1
DA:155,1
DA:156,1
DA:157,1
DA:158,1
DA:160,1
DA:161,1
DA:163,1
DA:165,1
DA:166,1
DA:169,1
DA:171,2
DA:174,1
DA:176,1
DA:178,1
DA:181,1
DA:182,1
DA:195,1
DA:196,1
DA:198,1
DA:199,1
DA:200,1
DA:201,1
DA:202,1
DA:204,2
DA:205,1
DA:206,3
DA:217,2
DA:219,2
DA:220,4
DA:221,2
DA:222,2
DA:223,6
DA:227,2
DA:229,2
DA:232,1
DA:235,2
DA:237,1
DA:240,1
DA:243,2
LF:106
LH:106
end_of_record
SF:lib/utils/size_config.dart
DA:4,4
DA:8,4
DA:9,4
DA:10,12
DA:11,12
DA:16,4
DA:19,8
DA:23,3
DA:26,6
LF:9
LH:9
end_of_record
SF:lib/screens/item_detail_page.dart
DA:12,4
DA:14,2
DA:15,2
DA:22,2
DA:24,4
DA:25,2
DA:27,2
DA:28,2
DA:31,2
DA:32,2
DA:33,2
DA:34,2
DA:35,2
DA:36,2
DA:38,2
DA:39,8
DA:40,2
DA:41,2
DA:43,4
DA:44,8
DA:45,4
DA:46,2
DA:48,2
DA:49,2
DA:51,2
DA:52,2
DA:53,2
DA:54,2
DA:57,2
DA:59,2
DA:61,2
DA:62,1
DA:63,2
DA:64,1
DA:69,2
DA:70,2
DA:71,2
DA:75,2
DA:76,2
DA:77,8
DA:78,7
DA:79,2
DA:80,2
DA:82,2
DA:83,2
DA:84,2
DA:87,1
DA:88,2
DA:89,2
DA:93,6
DA:94,2
DA:95,2
DA:96,2
DA:99,1
DA:100,2
DA:101,4
DA:109,4
DA:110,8
DA:111,4
DA:116,2
DA:118,2
DA:119,2
DA:121,2
DA:122,2
DA:124,1
DA:126,3
DA:128,1
DA:130,5
DA:131,3
DA:132,1
DA:133,5
DA:134,1
DA:137,2
LF:73
LH:73
end_of_record
